<?xml version="1.0" encoding="UTF-8"?>
<coverage generated="1720555419282" clover="3.2.0">
  <project timestamp="1720555419282" name="All files">
    <metrics statements="10" coveredstatements="9" conditionals="8" coveredconditionals="4" methods="5" coveredmethods="4" elements="23" coveredelements="17" complexity="0" loc="10" ncloc="10" packages="5" files="5" classes="5"/>
    <package name="TeleWorks">
      <metrics statements="1" coveredstatements="1" conditionals="0" coveredconditionals="0" methods="0" coveredmethods="0"/>
      <file name="styleMock.js" path="E:\FrontEnd\Sites\TeleWorks\styleMock.js">
        <metrics statements="1" coveredstatements="1" conditionals="0" coveredconditionals="0" methods="0" coveredmethods="0"/>
        <line num="2" count="2" type="stmt"/>
      </file>
    </package>
    <package name="TeleWorks.src.entities.MainPage__entities.Buy_placement__entities.Buy_placement__item.ui">
      <metrics statements="2" coveredstatements="2" conditionals="0" coveredconditionals="0" methods="1" coveredmethods="1"/>
      <file name="Buy_placement__item.tsx" path="E:\FrontEnd\Sites\TeleWorks\src\entities\MainPage__entities\Buy_placement__entities\Buy_placement__item\ui\Buy_placement__item.tsx">
        <metrics statements="2" coveredstatements="2" conditionals="0" coveredconditionals="0" methods="1" coveredmethods="1"/>
        <line num="4" count="1" type="stmt"/>
        <line num="8" count="1" type="stmt"/>
      </file>
    </package>
    <package name="TeleWorks.src.shared.ui-kit.Button.model">
      <metrics statements="0" coveredstatements="0" conditionals="0" coveredconditionals="0" methods="0" coveredmethods="0"/>
      <file name="Button__types.tsx" path="E:\FrontEnd\Sites\TeleWorks\src\shared\ui-kit\Button\model\Button__types.tsx">
        <metrics statements="0" coveredstatements="0" conditionals="0" coveredconditionals="0" methods="0" coveredmethods="0"/>
      </file>
    </package>
    <package name="TeleWorks.src.shared.ui-kit.Button.ui">
      <metrics statements="2" coveredstatements="2" conditionals="2" coveredconditionals="1" methods="1" coveredmethods="1"/>
      <file name="Button.tsx" path="E:\FrontEnd\Sites\TeleWorks\src\shared\ui-kit\Button\ui\Button.tsx">
        <metrics statements="2" coveredstatements="2" conditionals="2" coveredconditionals="1" methods="1" coveredmethods="1"/>
        <line num="5" count="1" type="stmt"/>
        <line num="11" count="4" type="stmt"/>
      </file>
    </package>
    <package name="TeleWorks.src.widgets.Header.ui">
      <metrics statements="5" coveredstatements="4" conditionals="6" coveredconditionals="3" methods="3" coveredmethods="2"/>
      <file name="Header.tsx" path="E:\FrontEnd\Sites\TeleWorks\src\widgets\Header\ui\Header.tsx">
        <metrics statements="5" coveredstatements="4" conditionals="6" coveredconditionals="3" methods="3" coveredmethods="2"/>
        <line num="10" count="1" type="stmt"/>
        <line num="12" count="3" type="stmt"/>
        <line num="14" count="2" type="stmt"/>
        <line num="30" count="0" type="cond" truecount="0" falsecount="2"/>
        <line num="65" count="2" type="stmt"/>
      </file>
    </package>
  </project>
</coverage>
