<?xml version="1.0" encoding="UTF-8"?>
<coverage generated="1720452126197" clover="3.2.0">
  <project timestamp="1720452126197" name="All files">
    <metrics statements="3" coveredstatements="3" conditionals="0" coveredconditionals="0" methods="1" coveredmethods="1" elements="4" coveredelements="4" complexity="0" loc="3" ncloc="3" packages="2" files="2" classes="2"/>
    <package name="TeleWorks">
      <metrics statements="1" coveredstatements="1" conditionals="0" coveredconditionals="0" methods="0" coveredmethods="0"/>
      <file name="styleMock.js" path="E:\FrontEnd\Sites\TeleWorks\styleMock.js">
        <metrics statements="1" coveredstatements="1" conditionals="0" coveredconditionals="0" methods="0" coveredmethods="0"/>
        <line num="2" count="1" type="stmt"/>
      </file>
    </package>
    <package name="TeleWorks.src.entities.MainPage__entities.Buy_placement__entities.Buy_placement__item.ui">
      <metrics statements="2" coveredstatements="2" conditionals="0" coveredconditionals="0" methods="1" coveredmethods="1"/>
      <file name="Buy_placement__item.tsx" path="E:\FrontEnd\Sites\TeleWorks\src\entities\MainPage__entities\Buy_placement__entities\Buy_placement__item\ui\Buy_placement__item.tsx">
        <metrics statements="2" coveredstatements="2" conditionals="0" coveredconditionals="0" methods="1" coveredmethods="1"/>
        <line num="4" count="1" type="stmt"/>
        <line num="8" count="1" type="stmt"/>
      </file>
    </package>
  </project>
</coverage>
