{"E:\\FrontEnd\\Sites\\TeleWorks\\styleMock.js": {"path":"E:\\FrontEnd\\Sites\\TeleWorks\\styleMock.js","statementMap":{"0":{"start":{"line":2,"column":0},"end":{"line":2,"column":20}}},"fnMap":{},"branchMap":{},"s":{"0":1},"f":{},"b":{},"_coverageSchema":"1a1c01bbd47fc00a2c39e90264f33305004495a9","hash":"aae8a9d174d2e0ce65b2b6099de6a76d3effa699"}
,"E:\\FrontEnd\\Sites\\TeleWorks\\src\\entities\\MainPage__entities\\Buy_placement__entities\\Buy_placement__item\\ui\\Buy_placement__item.tsx": {"path":"E:\\FrontEnd\\Sites\\TeleWorks\\src\\entities\\MainPage__entities\\Buy_placement__entities\\Buy_placement__item\\ui\\Buy_placement__item.tsx","statementMap":{"0":{"start":{"line":4,"column":71},"end":{"line":27,"column":1}},"1":{"start":{"line":8,"column":2},"end":{"line":26,"column":4}}},"fnMap":{"0":{"name":"(anonymous_0)","decl":{"start":{"line":4,"column":71},"end":{"line":4,"column":72}},"loc":{"start":{"line":7,"column":25},"end":{"line":27,"column":1}},"line":7}},"branchMap":{},"s":{"0":1,"1":1},"f":{"0":1},"b":{},"_coverageSchema":"1a1c01bbd47fc00a2c39e90264f33305004495a9","hash":"589c1e5680bce5e5ab19963b28e3524e70003be9"}
}
