{"E:\\FrontEnd\\Sites\\TeleWorks\\styleMock.js": {"path":"E:\\FrontEnd\\Sites\\TeleWorks\\styleMock.js","statementMap":{"0":{"start":{"line":2,"column":0},"end":{"line":2,"column":20}}},"fnMap":{},"branchMap":{},"s":{"0":2},"f":{},"b":{},"_coverageSchema":"1a1c01bbd47fc00a2c39e90264f33305004495a9","hash":"aae8a9d174d2e0ce65b2b6099de6a76d3effa699"}
,"E:\\FrontEnd\\Sites\\TeleWorks\\src\\entities\\MainPage__entities\\Buy_placement__entities\\Buy_placement__item\\ui\\Buy_placement__item.tsx": {"path":"E:\\FrontEnd\\Sites\\TeleWorks\\src\\entities\\MainPage__entities\\Buy_placement__entities\\Buy_placement__item\\ui\\Buy_placement__item.tsx","statementMap":{"0":{"start":{"line":4,"column":71},"end":{"line":27,"column":1}},"1":{"start":{"line":8,"column":2},"end":{"line":26,"column":4}}},"fnMap":{"0":{"name":"(anonymous_0)","decl":{"start":{"line":4,"column":71},"end":{"line":4,"column":72}},"loc":{"start":{"line":7,"column":25},"end":{"line":27,"column":1}},"line":7}},"branchMap":{},"s":{"0":1,"1":1},"f":{"0":1},"b":{},"_coverageSchema":"1a1c01bbd47fc00a2c39e90264f33305004495a9","hash":"589c1e5680bce5e5ab19963b28e3524e70003be9"}
,"E:\\FrontEnd\\Sites\\TeleWorks\\src\\shared\\ui-kit\\Button\\model\\Button__types.tsx": {"path":"E:\\FrontEnd\\Sites\\TeleWorks\\src\\shared\\ui-kit\\Button\\model\\Button__types.tsx","statementMap":{},"fnMap":{},"branchMap":{},"s":{},"f":{},"b":{},"_coverageSchema":"1a1c01bbd47fc00a2c39e90264f33305004495a9","hash":"0d55a9955e51cdf4065e785bd26ffc680f47154b"}
,"E:\\FrontEnd\\Sites\\TeleWorks\\src\\shared\\ui-kit\\Button\\ui\\Button.tsx": {"path":"E:\\FrontEnd\\Sites\\TeleWorks\\src\\shared\\ui-kit\\Button\\ui\\Button.tsx","statementMap":{"0":{"start":{"line":5,"column":45},"end":{"line":27,"column":1}},"1":{"start":{"line":11,"column":2},"end":{"line":26,"column":4}}},"fnMap":{"0":{"name":"(anonymous_0)","decl":{"start":{"line":5,"column":45},"end":{"line":5,"column":46}},"loc":{"start":{"line":10,"column":25},"end":{"line":27,"column":1}},"line":10}},"branchMap":{"0":{"loc":{"start":{"line":13,"column":7},"end":{"line":24,"column":7}},"type":"cond-expr","locations":[{"start":{"line":14,"column":8},"end":{"line":19,"column":15}},{"start":{"line":21,"column":8},"end":{"line":23,"column":14}}],"line":13}},"s":{"0":1,"1":4},"f":{"0":4},"b":{"0":[4,0]},"_coverageSchema":"1a1c01bbd47fc00a2c39e90264f33305004495a9","hash":"0cfa16eea10617a3e4a2bb1d347604671a1f3114"}
,"E:\\FrontEnd\\Sites\\TeleWorks\\src\\widgets\\Header\\ui\\Header.tsx": {"path":"E:\\FrontEnd\\Sites\\TeleWorks\\src\\widgets\\Header\\ui\\Header.tsx","statementMap":{"0":{"start":{"line":10,"column":32},"end":{"line":223,"column":1}},"1":{"start":{"line":12,"column":4},"end":{"line":12,"column":35}},"2":{"start":{"line":14,"column":2},"end":{"line":222,"column":4}},"3":{"start":{"line":30,"column":12},"end":{"line":32,"column":54}},"4":{"start":{"line":65,"column":14},"end":{"line":91,"column":20}}},"fnMap":{"0":{"name":"(anonymous_0)","decl":{"start":{"line":10,"column":32},"end":{"line":10,"column":33}},"loc":{"start":{"line":10,"column":57},"end":{"line":223,"column":1}},"line":10},"1":{"name":"(anonymous_1)","decl":{"start":{"line":29,"column":19},"end":{"line":29,"column":20}},"loc":{"start":{"line":30,"column":12},"end":{"line":32,"column":54}},"line":30},"2":{"name":"(anonymous_2)","decl":{"start":{"line":64,"column":27},"end":{"line":64,"column":28}},"loc":{"start":{"line":65,"column":14},"end":{"line":91,"column":20}},"line":65}},"branchMap":{"0":{"loc":{"start":{"line":22,"column":56},"end":{"line":22,"column":128}},"type":"binary-expr","locations":[{"start":{"line":22,"column":56},"end":{"line":22,"column":90}},{"start":{"line":22,"column":94},"end":{"line":22,"column":128}}],"line":22},"1":{"loc":{"start":{"line":30,"column":12},"end":{"line":32,"column":54}},"type":"cond-expr","locations":[{"start":{"line":31,"column":16},"end":{"line":31,"column":51}},{"start":{"line":32,"column":16},"end":{"line":32,"column":54}}],"line":30},"2":{"loc":{"start":{"line":44,"column":56},"end":{"line":44,"column":131}},"type":"binary-expr","locations":[{"start":{"line":44,"column":56},"end":{"line":44,"column":93}},{"start":{"line":44,"column":97},"end":{"line":44,"column":131}}],"line":44}},"s":{"0":1,"1":3,"2":2,"3":0,"4":2},"f":{"0":3,"1":0,"2":2},"b":{"0":[2,0],"1":[0,0],"2":[2,2]},"_coverageSchema":"1a1c01bbd47fc00a2c39e90264f33305004495a9","hash":"f857bce3b411e8865a2d593fee01e72bc2855cd1"}
}
