TN:
SF:styleMock.js
FNF:0
FNH:0
DA:2,3
LF:1
LH:1
BRF:0
BRH:0
end_of_record
TN:
SF:src\entities\MainPage__entities\Buy_placement__entities\Buy_placement__item\ui\Buy_placement__item.tsx
FN:4,(anonymous_0)
FNF:1
FNH:1
FNDA:1,(anonymous_0)
DA:4,1
DA:8,1
LF:2
LH:2
BRF:0
BRH:0
end_of_record
TN:
SF:src\entities\MainPage__entities\HowItWorks__entities\HowItWorks__item\ui\HowItWorks__item.tsx
FN:6,(anonymous_0)
FN:42,(anonymous_1)
FNF:2
FNH:1
FNDA:1,(anonymous_0)
FNDA:0,(anonymous_1)
DA:6,1
DA:12,1
DA:43,0
LF:3
LH:2
BRDA:31,0,0,1
BRDA:31,0,1,0
BRDA:40,1,0,1
BRDA:40,1,1,0
BRF:4
BRH:2
end_of_record
TN:
SF:src\features\CatalogPage_features\Catalog_features\CatalogFilter\CatalogFilterSelect\ui\CatalogFilterSelect.tsx
FN:6,(anonymous_0)
FN:13,(anonymous_1)
FN:37,(anonymous_2)
FN:43,(anonymous_3)
FN:53,(anonymous_4)
FN:63,(anonymous_5)
FN:70,(anonymous_6)
FN:73,(anonymous_7)
FN:74,(anonymous_8)
FN:82,(anonymous_9)
FN:97,(anonymous_10)
FNF:11
FNH:7
FNDA:1,(anonymous_0)
FNDA:1,(anonymous_1)
FNDA:1,(anonymous_2)
FNDA:0,(anonymous_3)
FNDA:1,(anonymous_4)
FNDA:1,(anonymous_5)
FNDA:1,(anonymous_6)
FNDA:1,(anonymous_7)
FNDA:0,(anonymous_8)
FNDA:0,(anonymous_9)
FNDA:0,(anonymous_10)
DA:6,1
DA:10,1
DA:11,1
DA:13,1
DA:14,1
DA:34,1
DA:36,1
DA:37,1
DA:43,0
DA:53,1
DA:63,1
DA:70,1
DA:73,1
DA:74,1
DA:75,0
DA:76,0
DA:82,1
DA:83,0
DA:88,1
DA:98,0
LF:20
LH:15
BRDA:8,0,0,1
BRDA:46,1,0,0
BRDA:46,1,1,0
BRDA:49,2,0,0
BRDA:49,2,1,0
BRDA:56,3,0,0
BRDA:56,3,1,1
BRDA:59,4,0,0
BRDA:59,4,1,1
BRDA:75,5,0,0
BRDA:75,5,1,0
BRF:11
BRH:3
end_of_record
TN:
SF:src\shared\index.ts
FNF:0
FNH:0
LF:0
LH:0
BRF:0
BRH:0
end_of_record
TN:
SF:src\shared\ui-kit\Button\model\Button__types.tsx
FNF:0
FNH:0
LF:0
LH:0
BRF:0
BRH:0
end_of_record
TN:
SF:src\shared\ui-kit\Button\ui\Button.tsx
FN:6,(anonymous_0)
FN:24,(anonymous_1)
FN:24,(anonymous_2)
FN:25,(anonymous_3)
FN:37,(anonymous_4)
FN:37,(anonymous_5)
FN:38,(anonymous_6)
FN:52,(anonymous_7)
FN:52,(anonymous_8)
FN:53,(anonymous_9)
FNF:10
FNH:0
FNDA:0,(anonymous_0)
FNDA:0,(anonymous_1)
FNDA:0,(anonymous_2)
FNDA:0,(anonymous_3)
FNDA:0,(anonymous_4)
FNDA:0,(anonymous_5)
FNDA:0,(anonymous_6)
FNDA:0,(anonymous_7)
FNDA:0,(anonymous_8)
FNDA:0,(anonymous_9)
DA:6,1
DA:13,0
DA:15,0
DA:24,0
DA:26,0
DA:37,0
DA:39,0
DA:52,0
DA:54,0
LF:9
LH:1
BRDA:11,0,0,0
BRDA:17,1,0,0
BRDA:17,1,1,0
BRDA:18,2,0,0
BRDA:18,2,1,0
BRDA:23,3,0,0
BRDA:23,3,1,0
BRDA:29,4,0,0
BRDA:29,4,1,0
BRDA:29,5,0,0
BRDA:29,5,1,0
BRDA:36,6,0,0
BRDA:36,6,1,0
BRDA:43,7,0,0
BRDA:43,7,1,0
BRDA:43,8,0,0
BRDA:43,8,1,0
BRDA:51,9,0,0
BRDA:51,9,1,0
BRDA:57,10,0,0
BRDA:57,10,1,0
BRDA:57,11,0,0
BRDA:57,11,1,0
BRF:23
BRH:0
end_of_record
