TN:
SF:styleMock.js
FNF:0
FNH:0
DA:2,2
LF:1
LH:1
BRF:0
BRH:0
end_of_record
TN:
SF:src\entities\MainPage__entities\Buy_placement__entities\Buy_placement__item\ui\Buy_placement__item.tsx
FN:4,(anonymous_0)
FNF:1
FNH:1
FNDA:1,(anonymous_0)
DA:4,1
DA:8,1
LF:2
LH:2
BRF:0
BRH:0
end_of_record
TN:
SF:src\shared\ui-kit\Button\model\Button__types.tsx
FNF:0
FNH:0
LF:0
LH:0
BRF:0
BRH:0
end_of_record
TN:
SF:src\shared\ui-kit\Button\ui\Button.tsx
FN:5,(anonymous_0)
FNF:1
FNH:1
FNDA:4,(anonymous_0)
DA:5,1
DA:11,4
LF:2
LH:2
BRDA:13,0,0,4
BRDA:13,0,1,0
BRF:2
BRH:1
end_of_record
TN:
SF:src\widgets\Header\ui\Header.tsx
FN:10,(anonymous_0)
FN:29,(anonymous_1)
FN:64,(anonymous_2)
FNF:3
FNH:2
FNDA:3,(anonymous_0)
FNDA:0,(anonymous_1)
FNDA:2,(anonymous_2)
DA:10,1
DA:12,3
DA:14,2
DA:30,0
DA:65,2
LF:5
LH:4
BRDA:22,0,0,2
BRDA:22,0,1,0
BRDA:30,1,0,0
BRDA:30,1,1,0
BRDA:44,2,0,2
BRDA:44,2,1,2
BRF:6
BRH:3
end_of_record
